# JRE version: OpenJDK Runtime Environment Corretto-17.0.6.10.1 (17.0.6+10) (build 17.0.6+10-LTS)
# Java VM: OpenJDK 64-Bit Server VM Corretto-17.0.6.10.1 (17.0.6+10-LTS, mixed mode, sharing, tiered, compressed oops, compressed class ptrs, g1 gc, windows-amd64)
GC Precious Log:
 CPUs: 16 total, 16 available
 Memory: 16336M
 Large Page Support: Disabled
 NUMA Support: Disabled
 Compressed Oops: Enabled (32-bit)
 Heap Region Size: 1M
 Heap Min Capacity: 256M
 Heap Initial Capacity: 256M
 Heap Max Capacity: 512M
 Pre-touch: Disabled
 Parallel Workers: 13
 Concurrent Workers: 3
 Concurrent Refinement Workers: 13
 Periodic GC: Disabled
Heap:
 garbage-first heap   total 262144K, used 160432K [0x00000000e0000000, 0x0000000100000000)
  region size 1024K, 124 young (126976K), 14 survivors (14336K)
 Metaspace       used 56760K, committed 57344K, reserved 270336K
  class space    used 7804K, committed 8064K, reserved 212992K
GC Heap History (20 events):
Event: 0.561 GC heap before
{Heap before GC invocations=0 (full 0):
 garbage-first heap   total 262144K, used 25600K [0x00000000e0000000, 0x0000000100000000)
  region size 1024K, 23 young (23552K), 0 survivors (0K)
 Metaspace       used 3029K, committed 3200K, reserved 221184K
  class space    used 379K, committed 448K, reserved 212992K
}
Event: 0.566 GC heap after
{Heap after GC invocations=1 (full 0):
 garbage-first heap   total 262144K, used 9041K [0x00000000e0000000, 0x0000000100000000)
  region size 1024K, 3 young (3072K), 3 survivors (3072K)
 Metaspace       used 3029K, committed 3200K, reserved 221184K
  class space    used 379K, committed 448K, reserved 212992K
}
Event: 0.932 GC heap before
{Heap before GC invocations=1 (full 0):
 garbage-first heap   total 262144K, used 38737K [0x00000000e0000000, 0x0000000100000000)
  region size 1024K, 31 young (31744K), 3 survivors (3072K)
 Metaspace       used 3968K, committed 4160K, reserved 221184K
  class space    used 475K, committed 576K, reserved 212992K
}
Event: 0.936 GC heap after
{Heap after GC invocations=2 (full 0):
 garbage-first heap   total 262144K, used 12801K [0x00000000e0000000, 0x0000000100000000)
  region size 1024K, 4 young (4096K), 4 survivors (4096K)
 Metaspace       used 3968K, committed 4160K, reserved 221184K
  class space    used 475K, committed 576K, reserved 212992K
}
Event: 2.891 GC heap before
{Heap before GC invocations=2 (full 0):
 garbage-first heap   total 262144K, used 114177K [0x00000000e0000000, 0x0000000100000000)
  region size 1024K, 104 young (106496K), 4 survivors (4096K)
 Metaspace       used 21226K, committed 21504K, reserved 237568K
  class space    used 3157K, committed 3264K, reserved 212992K
}
Event: 2.902 GC heap after
{Heap after GC invocations=3 (full 0):
 garbage-first heap   total 262144K, used 20941K [0x00000000e0000000, 0x0000000100000000)
  region size 1024K, 12 young (12288K), 12 survivors (12288K)
 Metaspace       used 21226K, committed 21504K, reserved 237568K
  class space    used 3157K, committed 3264K, reserved 212992K
}
Event: 5.230 GC heap before
{Heap before GC invocations=4 (full 0):
 garbage-first heap   total 262144K, used 113101K [0x00000000e0000000, 0x0000000100000000)
  region size 1024K, 104 young (106496K), 12 survivors (12288K)
 Metaspace       used 35648K, committed 35968K, reserved 245760K
  class space    used 5019K, committed 5184K, reserved 212992K
}
Event: 5.241 GC heap after
{Heap after GC invocations=5 (full 0):
 garbage-first heap   total 262144K, used 29670K [0x00000000e0000000, 0x0000000100000000)
  region size 1024K, 16 young (16384K), 16 survivors (16384K)
 Metaspace       used 35648K, committed 35968K, reserved 245760K
  class space    used 5019K, committed 5184K, reserved 212992K
}
Event: 5.255 GC heap before
{Heap before GC invocations=5 (full 0):
 garbage-first heap   total 262144K, used 30694K [0x00000000e0000000, 0x0000000100000000)
  region size 1024K, 17 young (17408K), 16 survivors (16384K)
 Metaspace       used 35771K, committed 36096K, reserved 245760K
  class space    used 5035K, committed 5184K, reserved 212992K
}
Event: 5.267 GC heap after
{Heap after GC invocations=6 (full 0):
 garbage-first heap   total 262144K, used 30375K [0x00000000e0000000, 0x0000000100000000)
  region size 1024K, 2 young (2048K), 2 survivors (2048K)
 Metaspace       used 35771K, committed 36096K, reserved 245760K
  class space    used 5035K, committed 5184K, reserved 212992K
}
Event: 5.327 GC heap before
{Heap before GC invocations=6 (full 0):
 garbage-first heap   total 262144K, used 35495K [0x00000000e0000000, 0x0000000100000000)
  region size 1024K, 5 young (5120K), 2 survivors (2048K)
 Metaspace       used 35888K, committed 36288K, reserved 245760K
  class space    used 5039K, committed 5248K, reserved 212992K
}
Event: 5.328 GC heap after
{Heap after GC invocations=7 (full 0):
 garbage-first heap   total 262144K, used 31278K [0x00000000e0000000, 0x0000000100000000)
  region size 1024K, 1 young (1024K), 1 survivors (1024K)
 Metaspace       used 35888K, committed 36288K, reserved 245760K
  class space    used 5039K, committed 5248K, reserved 212992K
}
Event: 6.685 GC heap before
{Heap before GC invocations=8 (full 0):
 garbage-first heap   total 262144K, used 169518K [0x00000000e0000000, 0x0000000100000000)
  region size 1024K, 136 young (139264K), 1 survivors (1024K)
 Metaspace       used 37044K, committed 37376K, reserved 245760K
  class space    used 5087K, committed 5248K, reserved 212992K
}
Event: 6.697 GC heap after
{Heap after GC invocations=9 (full 0):
 garbage-first heap   total 262144K, used 36683K [0x00000000e0000000, 0x0000000100000000)
  region size 1024K, 8 young (8192K), 8 survivors (8192K)
 Metaspace       used 37044K, committed 37376K, reserved 245760K
  class space    used 5087K, committed 5248K, reserved 212992K
}
Event: 6.743 GC heap before
{Heap before GC invocations=9 (full 0):
 garbage-first heap   total 262144K, used 40779K [0x00000000e0000000, 0x0000000100000000)
  region size 1024K, 12 young (12288K), 8 survivors (8192K)
 Metaspace       used 37101K, committed 37440K, reserved 245760K
  class space    used 5094K, committed 5248K, reserved 212992K
}
Event: 6.752 GC heap after
{Heap after GC invocations=10 (full 0):
 garbage-first heap   total 262144K, used 37261K [0x00000000e0000000, 0x0000000100000000)
  region size 1024K, 1 young (1024K), 1 survivors (1024K)
 Metaspace       used 37101K, committed 37440K, reserved 245760K
  class space    used 5094K, committed 5248K, reserved 212992K
}
Event: 13.846 GC heap before
{Heap before GC invocations=10 (full 0):
 garbage-first heap   total 262144K, used 192909K [0x00000000e0000000, 0x0000000100000000)
  region size 1024K, 153 young (156672K), 1 survivors (1024K)
 Metaspace       used 46347K, committed 46912K, reserved 253952K
  class space    used 6337K, committed 6592K, reserved 212992K
}
Event: 13.853 GC heap after
{Heap after GC invocations=11 (full 0):
 garbage-first heap   total 262144K, used 42744K [0x00000000e0000000, 0x0000000100000000)
  region size 1024K, 7 young (7168K), 7 survivors (7168K)
 Metaspace       used 46347K, committed 46912K, reserved 253952K
  class space    used 6337K, committed 6592K, reserved 212992K
}
Event: 15.709 GC heap before
{Heap before GC invocations=12 (full 0):
 garbage-first heap   total 262144K, used 192248K [0x00000000e0000000, 0x0000000100000000)
  region size 1024K, 153 young (156672K), 7 survivors (7168K)
 Metaspace       used 51756K, committed 52288K, reserved 262144K
  class space    used 7187K, committed 7424K, reserved 212992K
}
Event: 15.720 GC heap after
{Heap after GC invocations=13 (full 0):
 garbage-first heap   total 262144K, used 49840K [0x00000000e0000000, 0x0000000100000000)
  region size 1024K, 14 young (14336K), 14 survivors (14336K)
 Metaspace       used 51756K, committed 52288K, reserved 262144K
  class space    used 7187K, committed 7424K, reserved 212992K
}

